[07-Nov-2024 19:20:48 Europe/Berlin] [{"id":"1","stock":"50","precio":"700","nombre":"Smartphone","imagen":null,"cantidad":3},{"id":"2","stock":"30","precio":"1000","nombre":"Laptop","imagen":null,"cantidad":2}]
[07-Nov-2024 19:20:48 Europe/Berlin] 7
[07-Nov-2024 19:20:48 Europe/Berlin] {"id":"1","stock":"50","precio":"700","nombre":"Smartphone","imagen":null,"cantidad":3}
[07-Nov-2024 19:20:48 Europe/Berlin] PHP Warning:  Attempt to read property "id" on array in C:\xampp\htdocs\techpro-main\backend\DAO\ventasDao.php on line 37
[07-Nov-2024 19:20:48 Europe/Berlin] PHP Warning:  Attempt to read property "cantidad" on array in C:\xampp\htdocs\techpro-main\backend\DAO\ventasDao.php on line 38
[07-Nov-2024 19:20:48 Europe/Berlin] 
[07-Nov-2024 19:20:48 Europe/Berlin] 
[07-Nov-2024 19:20:48 Europe/Berlin] {"id":"2","stock":"30","precio":"1000","nombre":"Laptop","imagen":null,"cantidad":2}
[07-Nov-2024 19:20:48 Europe/Berlin] PHP Warning:  Attempt to read property "id" on array in C:\xampp\htdocs\techpro-main\backend\DAO\ventasDao.php on line 37
[07-Nov-2024 19:20:48 Europe/Berlin] PHP Warning:  Attempt to read property "cantidad" on array in C:\xampp\htdocs\techpro-main\backend\DAO\ventasDao.php on line 38
[07-Nov-2024 19:20:48 Europe/Berlin] 
[07-Nov-2024 19:20:48 Europe/Berlin] 
[07-Nov-2024 19:21:39 Europe/Berlin] [{"id":"1","stock":"50","precio":"700","nombre":"Smartphone","imagen":null,"cantidad":3},{"id":"2","stock":"30","precio":"1000","nombre":"Laptop","imagen":null,"cantidad":2}]
[07-Nov-2024 19:21:39 Europe/Berlin] 8
[07-Nov-2024 19:21:39 Europe/Berlin] {"id":"1","stock":"50","precio":"700","nombre":"Smartphone","imagen":null,"cantidad":3}
[07-Nov-2024 19:21:39 Europe/Berlin] 1
[07-Nov-2024 19:21:39 Europe/Berlin] 3
[07-Nov-2024 19:21:39 Europe/Berlin] {"id":"2","stock":"30","precio":"1000","nombre":"Laptop","imagen":null,"cantidad":2}
[07-Nov-2024 19:21:39 Europe/Berlin] 2
[07-Nov-2024 19:21:39 Europe/Berlin] 2
[07-Nov-2024 19:22:12 Europe/Berlin] [{"id":"1","stock":"50","precio":"700","nombre":"Smartphone","imagen":null,"cantidad":3},{"id":"2","stock":"30","precio":"1000","nombre":"Laptop","imagen":null,"cantidad":2}]
[07-Nov-2024 19:22:12 Europe/Berlin] 9
[07-Nov-2024 19:22:12 Europe/Berlin] {"id":"1","stock":"50","precio":"700","nombre":"Smartphone","imagen":null,"cantidad":3}
[07-Nov-2024 19:22:12 Europe/Berlin] 1
[07-Nov-2024 19:22:12 Europe/Berlin] 3
[07-Nov-2024 19:22:12 Europe/Berlin] INSERT INTO `productocompra` (`idCompra`, `idProducto`, `cantidad`) VALUES (NULL, '9', '1', '3');
[07-Nov-2024 19:22:12 Europe/Berlin] mysqli_sql_exception: Column count doesn't match value count at row 1 in C:\xampp\htdocs\techpro-main\backend\DAO\ventasDao.php:43
Stack trace:
#0 C:\xampp\htdocs\techpro-main\backend\DAO\ventasDao.php(43): mysqli->query('INSERT INTO `pr...')
#1 C:\xampp\htdocs\techpro-main\backend\DAO\ventasDao.php(21): VentasDao->insertarProductoCompra(Array, 9)
#2 C:\xampp\htdocs\techpro-main\backend\CONTROLLER\ventas_controlador.php(34): VentasDao->realizarCompra('John Doe', 'Sample City', '123456789', 'johndoe@example...', 'local', 'null', 'efectivo', Array)
#3 C:\xampp\htdocs\techpro-main\backend\CONTROLLER\ventas_controlador.php(10): realizarCompra()
#4 {main}
[07-Nov-2024 19:22:18 Europe/Berlin] [{"id":"1","stock":"50","precio":"700","nombre":"Smartphone","imagen":null,"cantidad":3},{"id":"2","stock":"30","precio":"1000","nombre":"Laptop","imagen":null,"cantidad":2}]
[07-Nov-2024 19:22:18 Europe/Berlin] 10
[07-Nov-2024 19:22:18 Europe/Berlin] {"id":"1","stock":"50","precio":"700","nombre":"Smartphone","imagen":null,"cantidad":3}
[07-Nov-2024 19:22:18 Europe/Berlin] 1
[07-Nov-2024 19:22:18 Europe/Berlin] 3
[07-Nov-2024 19:22:18 Europe/Berlin] INSERT INTO `productocompra` (`idCompra`, `idProducto`, `cantidad`) VALUES (NULL, '10', '1', '3');
[07-Nov-2024 19:22:18 Europe/Berlin] mysqli_sql_exception: Column count doesn't match value count at row 1 in C:\xampp\htdocs\techpro-main\backend\DAO\ventasDao.php:43
Stack trace:
#0 C:\xampp\htdocs\techpro-main\backend\DAO\ventasDao.php(43): mysqli->query('INSERT INTO `pr...')
#1 C:\xampp\htdocs\techpro-main\backend\DAO\ventasDao.php(21): VentasDao->insertarProductoCompra(Array, 10)
#2 C:\xampp\htdocs\techpro-main\backend\CONTROLLER\ventas_controlador.php(34): VentasDao->realizarCompra('John Doe', 'Sample City', '123456789', 'johndoe@example...', 'local', 'null', 'efectivo', Array)
#3 C:\xampp\htdocs\techpro-main\backend\CONTROLLER\ventas_controlador.php(10): realizarCompra()
#4 {main}
[07-Nov-2024 19:23:15 Europe/Berlin] {"id":"1","stock":"50","precio":"700","nombre":"Smartphone","imagen":null,"cantidad":3}
[07-Nov-2024 19:23:15 Europe/Berlin] {"id":"2","stock":"30","precio":"1000","nombre":"Laptop","imagen":null,"cantidad":2}
[07-Nov-2024 19:24:24 Europe/Berlin] {"id":"1","stock":"50","precio":"700","nombre":"Smartphone","imagen":null,"cantidad":3}
[07-Nov-2024 19:24:24 Europe/Berlin] {"id":"2","stock":"30","precio":"1000","nombre":"Laptop","imagen":null,"cantidad":2}
